This file contains any messages produced by compilers while
running configure, to aid debugging if configure makes a mistake.

It was created by hadoop-pipes configure 0.13.0, which was
generated by GNU Autoconf 2.61.  Invocation command line was

  $ ./configure --prefix=/home/hduser/hadoop-1.2.1-arm-gpu/c++/Linux-amd64-64

## --------- ##
## Platform. ##
## --------- ##

hostname = smc
uname -m = x86_64
uname -r = 3.8.0-29-generic
uname -s = Linux
uname -v = #42~precise1-Ubuntu SMP Wed Aug 14 16:19:23 UTC 2013

/usr/bin/uname -p = unknown
/bin/uname -X     = unknown

/bin/arch              = unknown
/usr/bin/arch -k       = unknown
/usr/convex/getsysinfo = unknown
/usr/bin/hostinfo      = unknown
/bin/machine           = unknown
/usr/bin/oslevel       = unknown
/bin/universe          = unknown

PATH: /home/hduser/hadoop-1.2.1-arm-gpu/bin
PATH: /usr/local/cuda-5.5/bin
PATH: /usr/lib/lightdm/lightdm
PATH: /usr/local/sbin
PATH: /usr/local/bin
PATH: /usr/sbin
PATH: /usr/bin
PATH: /sbin
PATH: /bin
PATH: /usr/games


## ----------- ##
## Core tests. ##
## ----------- ##

configure:1983: checking for a BSD-compatible install
configure:2039: result: /usr/bin/install -c
configure:2050: checking whether build environment is sane
configure:2093: result: yes
configure:2158: checking for gawk
configure:2188: result: no
configure:2158: checking for mawk
configure:2174: found /usr/bin/mawk
configure:2185: result: mawk
configure:2196: checking whether make sets $(MAKE)
configure:2217: result: yes
configure:2428: checking for style of include used by make
configure:2456: result: GNU
configure:2529: checking for gcc
configure:2545: found /usr/bin/gcc
configure:2556: result: gcc
configure:2794: checking for C compiler version
configure:2801: gcc --version >&5
gcc (Ubuntu/Linaro 4.6.3-1ubuntu5) 4.6.3
Copyright (C) 2011 Free Software Foundation, Inc.
This is free software; see the source for copying conditions.  There is NO
warranty; not even for MERCHANTABILITY or FITNESS FOR A PARTICULAR PURPOSE.

configure:2804: $? = 0
configure:2811: gcc -v >&5
Using built-in specs.
COLLECT_GCC=gcc
COLLECT_LTO_WRAPPER=/usr/lib/gcc/x86_64-linux-gnu/4.6/lto-wrapper
Target: x86_64-linux-gnu
Configured with: ../src/configure -v --with-pkgversion='Ubuntu/Linaro 4.6.3-1ubuntu5' --with-bugurl=file:///usr/share/doc/gcc-4.6/README.Bugs --enable-languages=c,c++,fortran,objc,obj-c++ --prefix=/usr --program-suffix=-4.6 --enable-shared --enable-linker-build-id --with-system-zlib --libexecdir=/usr/lib --without-included-gettext --enable-threads=posix --with-gxx-include-dir=/usr/include/c++/4.6 --libdir=/usr/lib --enable-nls --with-sysroot=/ --enable-clocale=gnu --enable-libstdcxx-debug --enable-libstdcxx-time=yes --enable-gnu-unique-object --enable-plugin --enable-objc-gc --disable-werror --with-arch-32=i686 --with-tune=generic --enable-checking=release --build=x86_64-linux-gnu --host=x86_64-linux-gnu --target=x86_64-linux-gnu
Thread model: posix
gcc version 4.6.3 (Ubuntu/Linaro 4.6.3-1ubuntu5) 
configure:2814: $? = 0
configure:2821: gcc -V >&5
gcc: error: unrecognized option '-V'
gcc: fatal error: no input files
compilation terminated.
configure:2824: $? = 4
configure:2847: checking for C compiler default output file name
configure:2874: gcc    conftest.c  >&5
configure:2877: $? = 0
configure:2915: result: a.out
configure:2932: checking whether the C compiler works
configure:2942: ./a.out
configure:2945: $? = 0
configure:2962: result: yes
configure:2969: checking whether we are cross compiling
configure:2971: result: no
configure:2974: checking for suffix of executables
configure:2981: gcc -o conftest    conftest.c  >&5
configure:2984: $? = 0
configure:3008: result: 
configure:3014: checking for suffix of object files
configure:3040: gcc -c   conftest.c >&5
configure:3043: $? = 0
configure:3066: result: o
configure:3070: checking whether we are using the GNU C compiler
configure:3099: gcc -c   conftest.c >&5
configure:3105: $? = 0
configure:3122: result: yes
configure:3127: checking whether gcc accepts -g
configure:3157: gcc -c -g  conftest.c >&5
configure:3163: $? = 0
configure:3262: result: yes
configure:3279: checking for gcc option to accept ISO C89
configure:3353: gcc  -c -g -O2  conftest.c >&5
configure:3359: $? = 0
configure:3382: result: none needed
configure:3402: checking dependency style of gcc
configure:3492: result: gcc3
configure:3517: checking for special C compiler options needed for large files
configure:3610: result: no
configure:3616: checking for _FILE_OFFSET_BITS value needed for large files
configure:3651: gcc -c -g -O2  conftest.c >&5
configure:3657: $? = 0
configure:3725: result: no
configure:3881: checking how to run the C preprocessor
configure:3921: gcc -E  conftest.c
configure:3927: $? = 0
configure:3958: gcc -E  conftest.c
conftest.c:11:28: fatal error: ac_nonexistent.h: No such file or directory
compilation terminated.
configure:3964: $? = 1
configure: failed program was:
| /* confdefs.h.  */
| #define PACKAGE_NAME "hadoop-pipes"
| #define PACKAGE_TARNAME "hadoop-pipes"
| #define PACKAGE_VERSION "0.13.0"
| #define PACKAGE_STRING "hadoop-pipes 0.13.0"
| #define PACKAGE_BUGREPORT "omalley@apache.org"
| #define PACKAGE "hadoop-pipes"
| #define VERSION "0.13.0"
| #define _GNU_SOURCE 1
| /* end confdefs.h.  */
| #include <ac_nonexistent.h>
configure:3997: result: gcc -E
configure:4026: gcc -E  conftest.c
configure:4032: $? = 0
configure:4063: gcc -E  conftest.c
conftest.c:11:28: fatal error: ac_nonexistent.h: No such file or directory
compilation terminated.
configure:4069: $? = 1
configure: failed program was:
| /* confdefs.h.  */
| #define PACKAGE_NAME "hadoop-pipes"
| #define PACKAGE_TARNAME "hadoop-pipes"
| #define PACKAGE_VERSION "0.13.0"
| #define PACKAGE_STRING "hadoop-pipes 0.13.0"
| #define PACKAGE_BUGREPORT "omalley@apache.org"
| #define PACKAGE "hadoop-pipes"
| #define VERSION "0.13.0"
| #define _GNU_SOURCE 1
| /* end confdefs.h.  */
| #include <ac_nonexistent.h>
configure:4107: checking for grep that handles long lines and -e
configure:4181: result: /bin/grep
configure:4186: checking for egrep
configure:4264: result: /bin/grep -E
configure:4269: checking for ANSI C header files
configure:4299: gcc -c -g -O2  conftest.c >&5
configure:4305: $? = 0
configure:4404: gcc -o conftest -g -O2   conftest.c  >&5
configure:4407: $? = 0
configure:4413: ./conftest
configure:4416: $? = 0
configure:4433: result: yes
configure:4457: checking for sys/types.h
configure:4478: gcc -c -g -O2  conftest.c >&5
configure:4484: $? = 0
configure:4500: result: yes
configure:4457: checking for sys/stat.h
configure:4478: gcc -c -g -O2  conftest.c >&5
configure:4484: $? = 0
configure:4500: result: yes
configure:4457: checking for stdlib.h
configure:4478: gcc -c -g -O2  conftest.c >&5
configure:4484: $? = 0
configure:4500: result: yes
configure:4457: checking for string.h
configure:4478: gcc -c -g -O2  conftest.c >&5
configure:4484: $? = 0
configure:4500: result: yes
configure:4457: checking for memory.h
configure:4478: gcc -c -g -O2  conftest.c >&5
configure:4484: $? = 0
configure:4500: result: yes
configure:4457: checking for strings.h
configure:4478: gcc -c -g -O2  conftest.c >&5
configure:4484: $? = 0
configure:4500: result: yes
configure:4457: checking for inttypes.h
configure:4478: gcc -c -g -O2  conftest.c >&5
configure:4484: $? = 0
configure:4500: result: yes
configure:4457: checking for stdint.h
configure:4478: gcc -c -g -O2  conftest.c >&5
configure:4484: $? = 0
configure:4500: result: yes
configure:4457: checking for unistd.h
configure:4478: gcc -c -g -O2  conftest.c >&5
configure:4484: $? = 0
configure:4500: result: yes
configure:4528: checking pthread.h usability
configure:4545: gcc -c -g -O2  conftest.c >&5
configure:4551: $? = 0
configure:4565: result: yes
configure:4569: checking pthread.h presence
configure:4584: gcc -E  conftest.c
configure:4590: $? = 0
configure:4604: result: yes
configure:4637: checking for pthread.h
configure:4645: result: yes
configure:4663: checking for pthread_create in -lpthread
configure:4698: gcc -o conftest -g -O2   conftest.c -lpthread   >&5
configure:4704: $? = 0
configure:4722: result: yes
configure:4738: checking for HMAC_Init in -lssl
configure:4773: gcc -o conftest -g -O2   conftest.c -lssl  -lpthread  >&5
/tmp/ccySFPTk.o: In function `main':
/home/hduser/hadoop-1.2.1-arm-gpu/src/c++/pipes/conftest.c:34: undefined reference to `HMAC_Init'
collect2: ld returned 1 exit status
configure:4779: $? = 1
configure: failed program was:
| /* confdefs.h.  */
| #define PACKAGE_NAME "hadoop-pipes"
| #define PACKAGE_TARNAME "hadoop-pipes"
| #define PACKAGE_VERSION "0.13.0"
| #define PACKAGE_STRING "hadoop-pipes 0.13.0"
| #define PACKAGE_BUGREPORT "omalley@apache.org"
| #define PACKAGE "hadoop-pipes"
| #define VERSION "0.13.0"
| #define _GNU_SOURCE 1
| #define STDC_HEADERS 1
| #define HAVE_SYS_TYPES_H 1
| #define HAVE_SYS_STAT_H 1
| #define HAVE_STDLIB_H 1
| #define HAVE_STRING_H 1
| #define HAVE_MEMORY_H 1
| #define HAVE_STRINGS_H 1
| #define HAVE_INTTYPES_H 1
| #define HAVE_STDINT_H 1
| #define HAVE_UNISTD_H 1
| #define HAVE_PTHREAD_H 1
| #define HAVE_LIBPTHREAD 1
| /* end confdefs.h.  */
| 
| /* Override any GCC internal prototype to avoid an error.
|    Use char because int might match the return type of a GCC
|    builtin and then its argument prototype would still apply.  */
| #ifdef __cplusplus
| extern "C"
| #endif
| char HMAC_Init ();
| int
| main ()
| {
| return HMAC_Init ();
|   ;
|   return 0;
| }
configure:4797: result: no
configure:4807: error: Cannot find libssl.so
configure:4882: checking for g++
configure:4898: found /usr/bin/g++
configure:4909: result: g++
configure:4940: checking for C++ compiler version
configure:4947: g++ --version >&5
g++ (Ubuntu/Linaro 4.6.3-1ubuntu5) 4.6.3
Copyright (C) 2011 Free Software Foundation, Inc.
This is free software; see the source for copying conditions.  There is NO
warranty; not even for MERCHANTABILITY or FITNESS FOR A PARTICULAR PURPOSE.

configure:4950: $? = 0
configure:4957: g++ -v >&5
Using built-in specs.
COLLECT_GCC=g++
COLLECT_LTO_WRAPPER=/usr/lib/gcc/x86_64-linux-gnu/4.6/lto-wrapper
Target: x86_64-linux-gnu
Configured with: ../src/configure -v --with-pkgversion='Ubuntu/Linaro 4.6.3-1ubuntu5' --with-bugurl=file:///usr/share/doc/gcc-4.6/README.Bugs --enable-languages=c,c++,fortran,objc,obj-c++ --prefix=/usr --program-suffix=-4.6 --enable-shared --enable-linker-build-id --with-system-zlib --libexecdir=/usr/lib --without-included-gettext --enable-threads=posix --with-gxx-include-dir=/usr/include/c++/4.6 --libdir=/usr/lib --enable-nls --with-sysroot=/ --enable-clocale=gnu --enable-libstdcxx-debug --enable-libstdcxx-time=yes --enable-gnu-unique-object --enable-plugin --enable-objc-gc --disable-werror --with-arch-32=i686 --with-tune=generic --enable-checking=release --build=x86_64-linux-gnu --host=x86_64-linux-gnu --target=x86_64-linux-gnu
Thread model: posix
gcc version 4.6.3 (Ubuntu/Linaro 4.6.3-1ubuntu5) 
configure:4960: $? = 0
configure:4967: g++ -V >&5
g++: error: unrecognized option '-V'
g++: fatal error: no input files
compilation terminated.
configure:4970: $? = 4
configure:4973: checking whether we are using the GNU C++ compiler
configure:5002: g++ -c   conftest.cpp >&5
configure:5008: $? = 0
configure:5025: result: yes
configure:5030: checking whether g++ accepts -g
configure:5060: g++ -c -g  conftest.cpp >&5
configure:5066: $? = 0
configure:5165: result: yes
configure:5190: checking dependency style of g++
configure:5280: result: gcc3
configure:5375: checking build system type
configure:5393: result: x86_64-unknown-linux-gnu
configure:5415: checking host system type
configure:5430: result: x86_64-unknown-linux-gnu
configure:5452: checking for a sed that does not truncate output
configure:5508: result: /bin/sed
configure:5522: checking for ld used by gcc
configure:5589: result: /usr/bin/ld
configure:5598: checking if the linker (/usr/bin/ld) is GNU ld
configure:5613: result: yes
configure:5618: checking for /usr/bin/ld option to reload object files
configure:5625: result: -r
configure:5643: checking for BSD-compatible nm
configure:5692: result: /usr/bin/nm -B
configure:5696: checking whether ln -s works
configure:5700: result: yes
configure:5707: checking how to recognise dependent libraries
configure:5883: result: pass_all
configure:5970: gcc -c -g -O2  conftest.c >&5
configure:5973: $? = 0
configure:6126: checking dlfcn.h usability
configure:6143: gcc -c -g -O2  conftest.c >&5
configure:6149: $? = 0
configure:6163: result: yes
configure:6167: checking dlfcn.h presence
configure:6182: gcc -E  conftest.c
configure:6188: $? = 0
configure:6202: result: yes
configure:6235: checking for dlfcn.h
configure:6243: result: yes
configure:6266: checking how to run the C++ preprocessor
configure:6302: g++ -E  conftest.cpp
configure:6308: $? = 0
configure:6339: g++ -E  conftest.cpp
conftest.cpp:24:28: fatal error: ac_nonexistent.h: No such file or directory
compilation terminated.
configure:6345: $? = 1
configure: failed program was:
| /* confdefs.h.  */
| #define PACKAGE_NAME "hadoop-pipes"
| #define PACKAGE_TARNAME "hadoop-pipes"
| #define PACKAGE_VERSION "0.13.0"
| #define PACKAGE_STRING "hadoop-pipes 0.13.0"
| #define PACKAGE_BUGREPORT "omalley@apache.org"
| #define PACKAGE "hadoop-pipes"
| #define VERSION "0.13.0"
| #define _GNU_SOURCE 1
| #define STDC_HEADERS 1
| #define HAVE_SYS_TYPES_H 1
| #define HAVE_SYS_STAT_H 1
| #define HAVE_STDLIB_H 1
| #define HAVE_STRING_H 1
| #define HAVE_MEMORY_H 1
| #define HAVE_STRINGS_H 1
| #define HAVE_INTTYPES_H 1
| #define HAVE_STDINT_H 1
| #define HAVE_UNISTD_H 1
| #define HAVE_PTHREAD_H 1
| #define HAVE_LIBPTHREAD 1
| #define HAVE_DLFCN_H 1
| /* end confdefs.h.  */
| #include <ac_nonexistent.h>
configure:6378: result: g++ -E
configure:6407: g++ -E  conftest.cpp
configure:6413: $? = 0
configure:6444: g++ -E  conftest.cpp
conftest.cpp:24:28: fatal error: ac_nonexistent.h: No such file or directory
compilation terminated.
configure:6450: $? = 1
configure: failed program was:
| /* confdefs.h.  */
| #define PACKAGE_NAME "hadoop-pipes"
| #define PACKAGE_TARNAME "hadoop-pipes"
| #define PACKAGE_VERSION "0.13.0"
| #define PACKAGE_STRING "hadoop-pipes 0.13.0"
| #define PACKAGE_BUGREPORT "omalley@apache.org"
| #define PACKAGE "hadoop-pipes"
| #define VERSION "0.13.0"
| #define _GNU_SOURCE 1
| #define STDC_HEADERS 1
| #define HAVE_SYS_TYPES_H 1
| #define HAVE_SYS_STAT_H 1
| #define HAVE_STDLIB_H 1
| #define HAVE_STRING_H 1
| #define HAVE_MEMORY_H 1
| #define HAVE_STRINGS_H 1
| #define HAVE_INTTYPES_H 1
| #define HAVE_STDINT_H 1
| #define HAVE_UNISTD_H 1
| #define HAVE_PTHREAD_H 1
| #define HAVE_LIBPTHREAD 1
| #define HAVE_DLFCN_H 1
| /* end confdefs.h.  */
| #include <ac_nonexistent.h>
configure:6543: checking for g77
configure:6573: result: no
configure:6543: checking for xlf
configure:6573: result: no
configure:6543: checking for f77
configure:6573: result: no
configure:6543: checking for frt
configure:6573: result: no
configure:6543: checking for pgf77
configure:6573: result: no
configure:6543: checking for cf77
configure:6573: result: no
configure:6543: checking for fort77
configure:6573: result: no
configure:6543: checking for fl32
configure:6573: result: no
configure:6543: checking for af77
configure:6573: result: no
configure:6543: checking for xlf90
configure:6573: result: no
configure:6543: checking for f90
configure:6573: result: no
configure:6543: checking for pgf90
configure:6573: result: no
configure:6543: checking for pghpf
configure:6573: result: no
configure:6543: checking for epcf90
configure:6573: result: no
configure:6543: checking for gfortran
configure:6573: result: no
configure:6543: checking for g95
configure:6573: result: no
configure:6543: checking for xlf95
configure:6573: result: no
configure:6543: checking for f95
configure:6573: result: no
configure:6543: checking for fort
configure:6573: result: no
configure:6543: checking for ifort
configure:6573: result: no
configure:6543: checking for ifc
configure:6573: result: no
configure:6543: checking for efc
configure:6573: result: no
configure:6543: checking for pgf95
configure:6573: result: no
configure:6543: checking for lf95
configure:6573: result: no
configure:6543: checking for ftn
configure:6573: result: no
configure:6600: checking for Fortran 77 compiler version
configure:6607:  --version >&5
./configure: line 6608: --version: command not found
configure:6610: $? = 127
configure:6617:  -v >&5
./configure: line 6618: -v: command not found
configure:6620: $? = 127
configure:6627:  -V >&5
./configure: line 6628: -V: command not found
configure:6630: $? = 127
configure:6638: checking whether we are using the GNU Fortran 77 compiler
configure:6657:  -c  conftest.F >&5
./configure: line 6658: -c: command not found
configure:6663: $? = 127
configure: failed program was:
|       program main
| #ifndef __GNUC__
|        choke me
| #endif
| 
|       end
configure:6680: result: no
configure:6686: checking whether  accepts -g
configure:6703:  -c -g conftest.f >&5
./configure: line 6704: -c: command not found
configure:6709: $? = 127
configure: failed program was:
|       program main
| 
|       end
configure:6725: result: no
configure:6755: checking the maximum length of command line arguments
configure:6864: result: 32768
configure:6875: checking command to parse /usr/bin/nm -B output from gcc object
configure:6980: gcc -c -g -O2  conftest.c >&5
configure:6983: $? = 0
configure:6987: /usr/bin/nm -B conftest.o \| sed -n -e 's/^.*[ 	]\([ABCDGIRSTW][ABCDGIRSTW]*\)[ 	][ 	]*\([_A-Za-z][_A-Za-z0-9]*\)$/\1 \2 \2/p' \> conftest.nm
configure:6990: $? = 0
configure:7042: gcc -o conftest -g -O2   conftest.c conftstm.o >&5
configure:7045: $? = 0
configure:7083: result: ok
configure:7087: checking for objdir
configure:7102: result: .libs
configure:7194: checking for ar
configure:7210: found /usr/bin/ar
configure:7221: result: ar
configure:7290: checking for ranlib
configure:7306: found /usr/bin/ranlib
configure:7317: result: ranlib
configure:7386: checking for strip
configure:7402: found /usr/bin/strip
configure:7413: result: strip
configure:7699: checking if gcc supports -fno-rtti -fno-exceptions
configure:7716: gcc -c -g -O2  -fno-rtti -fno-exceptions conftest.c >&5
cc1: warning: command line option '-fno-rtti' is valid for C++/ObjC++ but not for C [enabled by default]
configure:7720: $? = 0
configure:7734: result: no
configure:7749: checking for gcc option to produce PIC
configure:7959: result: -fPIC
configure:7967: checking if gcc PIC flag -fPIC works
configure:7984: gcc -c -g -O2  -fPIC -DPIC conftest.c >&5
configure:7988: $? = 0
configure:8002: result: yes
configure:8030: checking if gcc static flag -static works
configure:8058: result: yes
configure:8068: checking if gcc supports -c -o file.o
configure:8088: gcc -c -g -O2  -o out/conftest2.o conftest.c >&5
configure:8092: $? = 0
configure:8115: result: yes
configure:8141: checking whether the gcc linker (/usr/bin/ld -m elf_x86_64) supports shared libraries
configure:9095: result: yes
configure:9116: checking whether -lc should be explicitly linked in
configure:9121: gcc -c -g -O2  conftest.c >&5
configure:9124: $? = 0
configure:9139: gcc -shared conftest.o  -v -Wl,-soname -Wl,conftest -o conftest 2\>\&1 \| grep  -lc  \>/dev/null 2\>\&1
configure:9142: $? = 0
configure:9154: result: no
configure:9162: checking dynamic linker characteristics
configure:9555: gcc -c -g -O2  conftest.c >&5
configure:9558: $? = 0
configure:9771: result: GNU/Linux ld.so
configure:9780: checking how to hardcode library paths into programs
configure:9805: result: immediate
configure:9819: checking whether stripping libraries is possible
configure:9824: result: yes
configure:10625: checking if libtool supports shared libraries
configure:10627: result: yes
configure:10630: checking whether to build shared libraries
configure:10651: result: yes
configure:10654: checking whether to build static libraries
configure:10658: result: yes
configure:10750: creating libtool
configure:11341: checking for ld used by g++
configure:11408: result: /usr/bin/ld -m elf_x86_64
configure:11417: checking if the linker (/usr/bin/ld -m elf_x86_64) is GNU ld
configure:11432: result: yes
configure:11483: checking whether the g++ linker (/usr/bin/ld -m elf_x86_64) supports shared libraries
configure:12417: result: yes
configure:12435: g++ -c -g -O2  conftest.cpp >&5
configure:12438: $? = 0
configure:12557: checking for g++ option to produce PIC
configure:12831: result: -fPIC
configure:12839: checking if g++ PIC flag -fPIC works
configure:12856: g++ -c -g -O2  -fPIC -DPIC conftest.cpp >&5
configure:12860: $? = 0
configure:12874: result: yes
configure:12902: checking if g++ static flag -static works
configure:12930: result: yes
configure:12940: checking if g++ supports -c -o file.o
configure:12960: g++ -c -g -O2  -o out/conftest2.o conftest.cpp >&5
configure:12964: $? = 0
configure:12987: result: yes
configure:13013: checking whether the g++ linker (/usr/bin/ld -m elf_x86_64) supports shared libraries
configure:13038: result: yes
configure:13105: checking dynamic linker characteristics
configure:13498: g++ -c -g -O2  conftest.cpp >&5
configure:13501: $? = 0
configure:13714: result: GNU/Linux ld.so
configure:13723: checking how to hardcode library paths into programs
configure:13748: result: immediate
configure:19958: checking for unistd.h
configure:19964: result: yes
configure:20100: checking for stdbool.h that conforms to C99
configure:20193: g++ -c -g -O2  conftest.cpp >&5
configure:20199: $? = 0
configure:20214: result: yes
configure:20216: checking for _Bool
configure:20246: g++ -c -g -O2  conftest.cpp >&5
conftest.cpp:58:9: error: '_Bool' does not name a type
conftest.cpp: In function 'int main()':
conftest.cpp:62:6: error: 'ac__type_new_' was not declared in this scope
conftest.cpp:62:21: error: expected primary-expression before ')' token
conftest.cpp:62:23: error: expected ')' before numeric constant
conftest.cpp:64:13: error: 'ac__type_new_' was not declared in this scope
configure:20252: $? = 1
configure: failed program was:
| /* confdefs.h.  */
| #define PACKAGE_NAME "hadoop-pipes"
| #define PACKAGE_TARNAME "hadoop-pipes"
| #define PACKAGE_VERSION "0.13.0"
| #define PACKAGE_STRING "hadoop-pipes 0.13.0"
| #define PACKAGE_BUGREPORT "omalley@apache.org"
| #define PACKAGE "hadoop-pipes"
| #define VERSION "0.13.0"
| #define _GNU_SOURCE 1
| #define STDC_HEADERS 1
| #define HAVE_SYS_TYPES_H 1
| #define HAVE_SYS_STAT_H 1
| #define HAVE_STDLIB_H 1
| #define HAVE_STRING_H 1
| #define HAVE_MEMORY_H 1
| #define HAVE_STRINGS_H 1
| #define HAVE_INTTYPES_H 1
| #define HAVE_STDINT_H 1
| #define HAVE_UNISTD_H 1
| #define HAVE_PTHREAD_H 1
| #define HAVE_LIBPTHREAD 1
| #define HAVE_DLFCN_H 1
| #define HAVE_UNISTD_H 1
| /* end confdefs.h.  */
| #include <stdio.h>
| #ifdef HAVE_SYS_TYPES_H
| # include <sys/types.h>
| #endif
| #ifdef HAVE_SYS_STAT_H
| # include <sys/stat.h>
| #endif
| #ifdef STDC_HEADERS
| # include <stdlib.h>
| # include <stddef.h>
| #else
| # ifdef HAVE_STDLIB_H
| #  include <stdlib.h>
| # endif
| #endif
| #ifdef HAVE_STRING_H
| # if !defined STDC_HEADERS && defined HAVE_MEMORY_H
| #  include <memory.h>
| # endif
| # include <string.h>
| #endif
| #ifdef HAVE_STRINGS_H
| # include <strings.h>
| #endif
| #ifdef HAVE_INTTYPES_H
| # include <inttypes.h>
| #endif
| #ifdef HAVE_STDINT_H
| # include <stdint.h>
| #endif
| #ifdef HAVE_UNISTD_H
| # include <unistd.h>
| #endif
| typedef _Bool ac__type_new_;
| int
| main ()
| {
| if ((ac__type_new_ *) 0)
|   return 0;
| if (sizeof (ac__type_new_))
|   return 0;
|   ;
|   return 0;
| }
configure:20267: result: no
configure:20286: checking for an ANSI C-conforming const
configure:20361: g++ -c -g -O2  conftest.cpp >&5
configure:20367: $? = 0
configure:20382: result: yes
configure:20392: checking for off_t
configure:20422: g++ -c -g -O2  conftest.cpp >&5
configure:20428: $? = 0
configure:20443: result: yes
configure:20455: checking for size_t
configure:20485: g++ -c -g -O2  conftest.cpp >&5
configure:20491: $? = 0
configure:20506: result: yes
configure:20518: checking whether strerror_r is declared
configure:20547: g++ -c -g -O2  conftest.cpp >&5
configure:20553: $? = 0
configure:20568: result: yes
configure:20590: checking for strerror_r
configure:20646: g++ -o conftest -g -O2   conftest.cpp -lpthread  >&5
configure:20652: $? = 0
configure:20670: result: yes
configure:20680: checking whether strerror_r returns char *
configure:20714: g++ -c -g -O2  conftest.cpp >&5
configure:20720: $? = 0
configure:20796: result: yes
configure:20813: checking for mkdir
configure:20869: g++ -o conftest -g -O2   conftest.cpp -lpthread  >&5
configure:20875: $? = 0
configure:20893: result: yes
configure:20813: checking for uname
configure:20869: g++ -o conftest -g -O2   conftest.cpp -lpthread  >&5
configure:20875: $? = 0
configure:20893: result: yes
configure:21024: creating ./config.status

## ---------------------- ##
## Running config.status. ##
## ---------------------- ##

This file was extended by hadoop-pipes config.status 0.13.0, which was
generated by GNU Autoconf 2.61.  Invocation command line was

  CONFIG_FILES    = 
  CONFIG_HEADERS  = 
  CONFIG_LINKS    = 
  CONFIG_COMMANDS = 
  $ ./config.status 

on smc

config.status:661: creating Makefile
config.status:661: creating impl/config.h
config.status:892: impl/config.h is unchanged
config.status:938: executing depfiles commands

## ---------------- ##
## Cache variables. ##
## ---------------- ##

ac_cv_build=x86_64-unknown-linux-gnu
ac_cv_c_compiler_gnu=yes
ac_cv_c_const=yes
ac_cv_cxx_compiler_gnu=yes
ac_cv_env_CCC_set=
ac_cv_env_CCC_value=
ac_cv_env_CC_set=
ac_cv_env_CC_value=
ac_cv_env_CFLAGS_set=
ac_cv_env_CFLAGS_value=
ac_cv_env_CPPFLAGS_set=
ac_cv_env_CPPFLAGS_value=
ac_cv_env_CPP_set=
ac_cv_env_CPP_value=
ac_cv_env_CXXCPP_set=
ac_cv_env_CXXCPP_value=
ac_cv_env_CXXFLAGS_set=
ac_cv_env_CXXFLAGS_value=
ac_cv_env_CXX_set=
ac_cv_env_CXX_value=
ac_cv_env_F77_set=
ac_cv_env_F77_value=
ac_cv_env_FFLAGS_set=
ac_cv_env_FFLAGS_value=
ac_cv_env_LDFLAGS_set=
ac_cv_env_LDFLAGS_value=
ac_cv_env_LIBS_set=
ac_cv_env_LIBS_value=
ac_cv_env_build_alias_set=
ac_cv_env_build_alias_value=
ac_cv_env_host_alias_set=
ac_cv_env_host_alias_value=
ac_cv_env_target_alias_set=
ac_cv_env_target_alias_value=
ac_cv_f77_compiler_gnu=no
ac_cv_func_mkdir=yes
ac_cv_func_strerror_r=yes
ac_cv_func_strerror_r_char_p=yes
ac_cv_func_uname=yes
ac_cv_have_decl_strerror_r=yes
ac_cv_header_dlfcn_h=yes
ac_cv_header_inttypes_h=yes
ac_cv_header_memory_h=yes
ac_cv_header_pthread_h=yes
ac_cv_header_stdbool_h=yes
ac_cv_header_stdc=yes
ac_cv_header_stdint_h=yes
ac_cv_header_stdlib_h=yes
ac_cv_header_string_h=yes
ac_cv_header_strings_h=yes
ac_cv_header_sys_stat_h=yes
ac_cv_header_sys_types_h=yes
ac_cv_header_unistd_h=yes
ac_cv_host=x86_64-unknown-linux-gnu
ac_cv_lib_pthread_pthread_create=yes
ac_cv_lib_ssl_HMAC_Init=no
ac_cv_objext=o
ac_cv_path_EGREP='/bin/grep -E'
ac_cv_path_GREP=/bin/grep
ac_cv_path_install='/usr/bin/install -c'
ac_cv_prog_AWK=mawk
ac_cv_prog_CPP='gcc -E'
ac_cv_prog_CXXCPP='g++ -E'
ac_cv_prog_ac_ct_AR=ar
ac_cv_prog_ac_ct_CC=gcc
ac_cv_prog_ac_ct_CXX=g++
ac_cv_prog_ac_ct_RANLIB=ranlib
ac_cv_prog_ac_ct_STRIP=strip
ac_cv_prog_cc_c89=
ac_cv_prog_cc_g=yes
ac_cv_prog_cxx_g=yes
ac_cv_prog_f77_g=no
ac_cv_prog_make_make_set=yes
ac_cv_sys_file_offset_bits=no
ac_cv_sys_largefile_CC=no
ac_cv_type__Bool=no
ac_cv_type_off_t=yes
ac_cv_type_size_t=yes
am_cv_CC_dependencies_compiler_type=gcc3
am_cv_CXX_dependencies_compiler_type=gcc3
lt_cv_deplibs_check_method=pass_all
lt_cv_file_magic_cmd='$MAGIC_CMD'
lt_cv_file_magic_test_file=
lt_cv_ld_reload_flag=-r
lt_cv_objdir=.libs
lt_cv_path_LD=/usr/bin/ld
lt_cv_path_LDCXX='/usr/bin/ld -m elf_x86_64'
lt_cv_path_NM='/usr/bin/nm -B'
lt_cv_path_SED=/bin/sed
lt_cv_prog_compiler_c_o=yes
lt_cv_prog_compiler_c_o_CXX=yes
lt_cv_prog_compiler_rtti_exceptions=no
lt_cv_prog_gnu_ld=yes
lt_cv_prog_gnu_ldcxx=yes
lt_cv_sys_global_symbol_pipe='sed -n -e '\''s/^.*[ 	]\([ABCDGIRSTW][ABCDGIRSTW]*\)[ 	][ 	]*\([_A-Za-z][_A-Za-z0-9]*\)$/\1 \2 \2/p'\'''
lt_cv_sys_global_symbol_to_c_name_address='sed -n -e '\''s/^: \([^ ]*\) $/  {\"\1\", (lt_ptr) 0},/p'\'' -e '\''s/^[BCDEGRST] \([^ ]*\) \([^ ]*\)$/  {"\2", (lt_ptr) \&\2},/p'\'''
lt_cv_sys_global_symbol_to_cdecl='sed -n -e '\''s/^. .* \(.*\)$/extern int \1;/p'\'''
lt_cv_sys_max_cmd_len=32768
lt_lt_cv_prog_compiler_c_o='"yes"'
lt_lt_cv_prog_compiler_c_o_CXX='"yes"'
lt_lt_cv_sys_global_symbol_pipe='"sed -n -e '\''s/^.*[ 	]\\([ABCDGIRSTW][ABCDGIRSTW]*\\)[ 	][ 	]*\\([_A-Za-z][_A-Za-z0-9]*\\)\$/\\1 \\2 \\2/p'\''"'
lt_lt_cv_sys_global_symbol_to_c_name_address='"sed -n -e '\''s/^: \\([^ ]*\\) \$/  {\\\"\\1\\\", (lt_ptr) 0},/p'\'' -e '\''s/^[BCDEGRST] \\([^ ]*\\) \\([^ ]*\\)\$/  {\"\\2\", (lt_ptr) \\&\\2},/p'\''"'
lt_lt_cv_sys_global_symbol_to_cdecl='"sed -n -e '\''s/^. .* \\(.*\\)\$/extern int \\1;/p'\''"'

## ----------------- ##
## Output variables. ##
## ----------------- ##

ACLOCAL='${SHELL} /home/hduser/hadoop-1.2.1-arm-gpu/src/c++/pipes/missing --run aclocal-1.9'
AMDEPBACKSLASH='\'
AMDEP_FALSE='#'
AMDEP_TRUE=''
AMTAR='${SHELL} /home/hduser/hadoop-1.2.1-arm-gpu/src/c++/pipes/missing --run tar'
AR='ar'
AUTOCONF='${SHELL} /home/hduser/hadoop-1.2.1-arm-gpu/src/c++/pipes/missing --run autoconf'
AUTOHEADER='${SHELL} /home/hduser/hadoop-1.2.1-arm-gpu/src/c++/pipes/missing --run autoheader'
AUTOMAKE='${SHELL} /home/hduser/hadoop-1.2.1-arm-gpu/src/c++/pipes/missing --run automake-1.9'
AWK='mawk'
CC='gcc'
CCDEPMODE='depmode=gcc3'
CFLAGS='-g -O2'
CPP='gcc -E'
CPPFLAGS=''
CXX='g++'
CXXCPP='g++ -E'
CXXDEPMODE='depmode=gcc3'
CXXFLAGS='-g -O2'
CYGPATH_W='echo'
DEFS='-DHAVE_CONFIG_H'
DEPDIR='.deps'
ECHO='echo'
ECHO_C=''
ECHO_N='-n'
ECHO_T=''
EGREP='/bin/grep -E'
EXEEXT=''
F77=''
FFLAGS=''
GREP='/bin/grep'
HADOOP_UTILS_PREFIX='${prefix}'
INSTALL_DATA='${INSTALL} -m 644 -C'
INSTALL_PROGRAM='${INSTALL}'
INSTALL_SCRIPT='${INSTALL}'
INSTALL_STRIP_PROGRAM='${SHELL} $(install_sh) -c -s'
LDFLAGS=''
LIBOBJS=''
LIBS='-lpthread '
LIBTOOL='$(SHELL) $(top_builddir)/libtool'
LN_S='ln -s'
LTLIBOBJS=''
MAKEINFO='${SHELL} /home/hduser/hadoop-1.2.1-arm-gpu/src/c++/pipes/missing --run makeinfo'
OBJEXT='o'
PACKAGE='hadoop-pipes'
PACKAGE_BUGREPORT='omalley@apache.org'
PACKAGE_NAME='hadoop-pipes'
PACKAGE_STRING='hadoop-pipes 0.13.0'
PACKAGE_TARNAME='hadoop-pipes'
PACKAGE_VERSION='0.13.0'
PATH_SEPARATOR=':'
RANLIB='ranlib'
SED='/bin/sed'
SET_MAKE=''
SHELL='/bin/bash'
STRIP='strip'
VERSION='0.13.0'
ac_ct_CC='gcc'
ac_ct_CXX='g++'
ac_ct_F77=''
am__fastdepCC_FALSE='#'
am__fastdepCC_TRUE=''
am__fastdepCXX_FALSE='#'
am__fastdepCXX_TRUE=''
am__include='include'
am__leading_dot='.'
am__quote=''
am__tar='${AMTAR} chof - "$$tardir"'
am__untar='${AMTAR} xf -'
bindir='${exec_prefix}/bin'
build='x86_64-unknown-linux-gnu'
build_alias=''
build_cpu='x86_64'
build_os='linux-gnu'
build_vendor='unknown'
datadir='${datarootdir}'
datarootdir='${prefix}/share'
docdir='${datarootdir}/doc/${PACKAGE_TARNAME}'
dvidir='${docdir}'
exec_prefix='${prefix}'
host='x86_64-unknown-linux-gnu'
host_alias=''
host_cpu='x86_64'
host_os='linux-gnu'
host_vendor='unknown'
htmldir='${docdir}'
includedir='${prefix}/include'
infodir='${datarootdir}/info'
install_sh='/home/hduser/hadoop-1.2.1-arm-gpu/src/c++/pipes/install-sh'
libdir='${exec_prefix}/lib'
libexecdir='${exec_prefix}/libexec'
localedir='${datarootdir}/locale'
localstatedir='${prefix}/var'
mandir='${datarootdir}/man'
mkdir_p='mkdir -p --'
oldincludedir='/usr/include'
pdfdir='${docdir}'
prefix='/home/hduser/hadoop-1.2.1-arm-gpu/c++/Linux-amd64-64'
program_transform_name='s,x,x,'
psdir='${docdir}'
sbindir='${exec_prefix}/sbin'
sharedstatedir='${prefix}/com'
sysconfdir='${prefix}/etc'
target_alias=''

## ----------- ##
## confdefs.h. ##
## ----------- ##

#define PACKAGE_NAME "hadoop-pipes"
#define PACKAGE_TARNAME "hadoop-pipes"
#define PACKAGE_VERSION "0.13.0"
#define PACKAGE_STRING "hadoop-pipes 0.13.0"
#define PACKAGE_BUGREPORT "omalley@apache.org"
#define PACKAGE "hadoop-pipes"
#define VERSION "0.13.0"
#define _GNU_SOURCE 1
#define STDC_HEADERS 1
#define HAVE_SYS_TYPES_H 1
#define HAVE_SYS_STAT_H 1
#define HAVE_STDLIB_H 1
#define HAVE_STRING_H 1
#define HAVE_MEMORY_H 1
#define HAVE_STRINGS_H 1
#define HAVE_INTTYPES_H 1
#define HAVE_STDINT_H 1
#define HAVE_UNISTD_H 1
#define HAVE_PTHREAD_H 1
#define HAVE_LIBPTHREAD 1
#define HAVE_DLFCN_H 1
#define HAVE_UNISTD_H 1
#define HAVE_STDBOOL_H 1
#define HAVE_DECL_STRERROR_R 1
#define HAVE_STRERROR_R 1
#define STRERROR_R_CHAR_P 1
#define HAVE_MKDIR 1
#define HAVE_UNAME 1

configure: exit 0
