This file contains any messages produced by compilers while
running configure, to aid debugging if configure makes a mistake.

It was created by hadoop-utils configure 0.13.0, which was
generated by GNU Autoconf 2.61.  Invocation command line was

  $ ./configure --prefix=/home/hduser/hadoop-1.2.1-arm-gpu/c++/Linux-amd64-64

## --------- ##
## Platform. ##
## --------- ##

hostname = smc
uname -m = x86_64
uname -r = 3.8.0-29-generic
uname -s = Linux
uname -v = #42~precise1-Ubuntu SMP Wed Aug 14 16:19:23 UTC 2013

/usr/bin/uname -p = unknown
/bin/uname -X     = unknown

/bin/arch              = unknown
/usr/bin/arch -k       = unknown
/usr/convex/getsysinfo = unknown
/usr/bin/hostinfo      = unknown
/bin/machine           = unknown
/usr/bin/oslevel       = unknown
/bin/universe          = unknown

PATH: /home/hduser/hadoop-1.2.1-arm-gpu/bin
PATH: /usr/local/cuda-5.5/bin
PATH: /usr/lib/lightdm/lightdm
PATH: /usr/local/sbin
PATH: /usr/local/bin
PATH: /usr/sbin
PATH: /usr/bin
PATH: /sbin
PATH: /bin
PATH: /usr/games


## ----------- ##
## Core tests. ##
## ----------- ##

configure:1980: checking for a BSD-compatible install
configure:2036: result: /usr/bin/install -c
configure:2047: checking whether build environment is sane
configure:2090: result: yes
configure:2155: checking for gawk
configure:2185: result: no
configure:2155: checking for mawk
configure:2171: found /usr/bin/mawk
configure:2182: result: mawk
configure:2193: checking whether make sets $(MAKE)
configure:2214: result: yes
configure:2433: checking for style of include used by make
configure:2461: result: GNU
configure:2534: checking for gcc
configure:2550: found /usr/bin/gcc
configure:2561: result: gcc
configure:2799: checking for C compiler version
configure:2806: gcc --version >&5
gcc (Ubuntu/Linaro 4.6.3-1ubuntu5) 4.6.3
Copyright (C) 2011 Free Software Foundation, Inc.
This is free software; see the source for copying conditions.  There is NO
warranty; not even for MERCHANTABILITY or FITNESS FOR A PARTICULAR PURPOSE.

configure:2809: $? = 0
configure:2816: gcc -v >&5
Using built-in specs.
COLLECT_GCC=gcc
COLLECT_LTO_WRAPPER=/usr/lib/gcc/x86_64-linux-gnu/4.6/lto-wrapper
Target: x86_64-linux-gnu
Configured with: ../src/configure -v --with-pkgversion='Ubuntu/Linaro 4.6.3-1ubuntu5' --with-bugurl=file:///usr/share/doc/gcc-4.6/README.Bugs --enable-languages=c,c++,fortran,objc,obj-c++ --prefix=/usr --program-suffix=-4.6 --enable-shared --enable-linker-build-id --with-system-zlib --libexecdir=/usr/lib --without-included-gettext --enable-threads=posix --with-gxx-include-dir=/usr/include/c++/4.6 --libdir=/usr/lib --enable-nls --with-sysroot=/ --enable-clocale=gnu --enable-libstdcxx-debug --enable-libstdcxx-time=yes --enable-gnu-unique-object --enable-plugin --enable-objc-gc --disable-werror --with-arch-32=i686 --with-tune=generic --enable-checking=release --build=x86_64-linux-gnu --host=x86_64-linux-gnu --target=x86_64-linux-gnu
Thread model: posix
gcc version 4.6.3 (Ubuntu/Linaro 4.6.3-1ubuntu5) 
configure:2819: $? = 0
configure:2826: gcc -V >&5
gcc: error: unrecognized option '-V'
gcc: fatal error: no input files
compilation terminated.
configure:2829: $? = 4
configure:2852: checking for C compiler default output file name
configure:2879: gcc    conftest.c  >&5
configure:2882: $? = 0
configure:2920: result: a.out
configure:2937: checking whether the C compiler works
configure:2947: ./a.out
configure:2950: $? = 0
configure:2967: result: yes
configure:2974: checking whether we are cross compiling
configure:2976: result: no
configure:2979: checking for suffix of executables
configure:2986: gcc -o conftest    conftest.c  >&5
configure:2989: $? = 0
configure:3013: result: 
configure:3019: checking for suffix of object files
configure:3045: gcc -c   conftest.c >&5
configure:3048: $? = 0
configure:3071: result: o
configure:3075: checking whether we are using the GNU C compiler
configure:3104: gcc -c   conftest.c >&5
configure:3110: $? = 0
configure:3127: result: yes
configure:3132: checking whether gcc accepts -g
configure:3162: gcc -c -g  conftest.c >&5
configure:3168: $? = 0
configure:3267: result: yes
configure:3284: checking for gcc option to accept ISO C89
configure:3358: gcc  -c -g -O2  conftest.c >&5
configure:3364: $? = 0
configure:3387: result: none needed
configure:3407: checking dependency style of gcc
configure:3497: result: gcc3
configure:3522: checking for special C compiler options needed for large files
configure:3615: result: no
configure:3621: checking for _FILE_OFFSET_BITS value needed for large files
configure:3656: gcc -c -g -O2  conftest.c >&5
configure:3662: $? = 0
configure:3730: result: no
configure:3929: checking for g++
configure:3945: found /usr/bin/g++
configure:3956: result: g++
configure:3987: checking for C++ compiler version
configure:3994: g++ --version >&5
g++ (Ubuntu/Linaro 4.6.3-1ubuntu5) 4.6.3
Copyright (C) 2011 Free Software Foundation, Inc.
This is free software; see the source for copying conditions.  There is NO
warranty; not even for MERCHANTABILITY or FITNESS FOR A PARTICULAR PURPOSE.

configure:3997: $? = 0
configure:4004: g++ -v >&5
Using built-in specs.
COLLECT_GCC=g++
COLLECT_LTO_WRAPPER=/usr/lib/gcc/x86_64-linux-gnu/4.6/lto-wrapper
Target: x86_64-linux-gnu
Configured with: ../src/configure -v --with-pkgversion='Ubuntu/Linaro 4.6.3-1ubuntu5' --with-bugurl=file:///usr/share/doc/gcc-4.6/README.Bugs --enable-languages=c,c++,fortran,objc,obj-c++ --prefix=/usr --program-suffix=-4.6 --enable-shared --enable-linker-build-id --with-system-zlib --libexecdir=/usr/lib --without-included-gettext --enable-threads=posix --with-gxx-include-dir=/usr/include/c++/4.6 --libdir=/usr/lib --enable-nls --with-sysroot=/ --enable-clocale=gnu --enable-libstdcxx-debug --enable-libstdcxx-time=yes --enable-gnu-unique-object --enable-plugin --enable-objc-gc --disable-werror --with-arch-32=i686 --with-tune=generic --enable-checking=release --build=x86_64-linux-gnu --host=x86_64-linux-gnu --target=x86_64-linux-gnu
Thread model: posix
gcc version 4.6.3 (Ubuntu/Linaro 4.6.3-1ubuntu5) 
configure:4007: $? = 0
configure:4014: g++ -V >&5
g++: error: unrecognized option '-V'
g++: fatal error: no input files
compilation terminated.
configure:4017: $? = 4
configure:4020: checking whether we are using the GNU C++ compiler
configure:4049: g++ -c   conftest.cpp >&5
configure:4055: $? = 0
configure:4072: result: yes
configure:4077: checking whether g++ accepts -g
configure:4107: g++ -c -g  conftest.cpp >&5
configure:4113: $? = 0
configure:4212: result: yes
configure:4237: checking dependency style of g++
configure:4327: result: gcc3
configure:4422: checking build system type
configure:4440: result: x86_64-unknown-linux-gnu
configure:4462: checking host system type
configure:4477: result: x86_64-unknown-linux-gnu
configure:4499: checking for a sed that does not truncate output
configure:4555: result: /bin/sed
configure:4558: checking for grep that handles long lines and -e
configure:4632: result: /bin/grep
configure:4637: checking for egrep
configure:4715: result: /bin/grep -E
configure:4731: checking for ld used by gcc
configure:4798: result: /usr/bin/ld
configure:4807: checking if the linker (/usr/bin/ld) is GNU ld
configure:4822: result: yes
configure:4827: checking for /usr/bin/ld option to reload object files
configure:4834: result: -r
configure:4852: checking for BSD-compatible nm
configure:4901: result: /usr/bin/nm -B
configure:4905: checking whether ln -s works
configure:4909: result: yes
configure:4916: checking how to recognise dependent libraries
configure:5092: result: pass_all
configure:5179: gcc -c -g -O2  conftest.c >&5
configure:5182: $? = 0
configure:5325: checking how to run the C preprocessor
configure:5365: gcc -E  conftest.c
configure:5371: $? = 0
configure:5402: gcc -E  conftest.c
conftest.c:11:28: fatal error: ac_nonexistent.h: No such file or directory
compilation terminated.
configure:5408: $? = 1
configure: failed program was:
| /* confdefs.h.  */
| #define PACKAGE_NAME "hadoop-utils"
| #define PACKAGE_TARNAME "hadoop-utils"
| #define PACKAGE_VERSION "0.13.0"
| #define PACKAGE_STRING "hadoop-utils 0.13.0"
| #define PACKAGE_BUGREPORT "omalley@apache.org"
| #define PACKAGE "hadoop-utils"
| #define VERSION "0.13.0"
| #define _GNU_SOURCE 1
| /* end confdefs.h.  */
| #include <ac_nonexistent.h>
configure:5441: result: gcc -E
configure:5470: gcc -E  conftest.c
configure:5476: $? = 0
configure:5507: gcc -E  conftest.c
conftest.c:11:28: fatal error: ac_nonexistent.h: No such file or directory
compilation terminated.
configure:5513: $? = 1
configure: failed program was:
| /* confdefs.h.  */
| #define PACKAGE_NAME "hadoop-utils"
| #define PACKAGE_TARNAME "hadoop-utils"
| #define PACKAGE_VERSION "0.13.0"
| #define PACKAGE_STRING "hadoop-utils 0.13.0"
| #define PACKAGE_BUGREPORT "omalley@apache.org"
| #define PACKAGE "hadoop-utils"
| #define VERSION "0.13.0"
| #define _GNU_SOURCE 1
| /* end confdefs.h.  */
| #include <ac_nonexistent.h>
configure:5551: checking for ANSI C header files
configure:5581: gcc -c -g -O2  conftest.c >&5
configure:5587: $? = 0
configure:5686: gcc -o conftest -g -O2   conftest.c  >&5
configure:5689: $? = 0
configure:5695: ./conftest
configure:5698: $? = 0
configure:5715: result: yes
configure:5739: checking for sys/types.h
configure:5760: gcc -c -g -O2  conftest.c >&5
configure:5766: $? = 0
configure:5782: result: yes
configure:5739: checking for sys/stat.h
configure:5760: gcc -c -g -O2  conftest.c >&5
configure:5766: $? = 0
configure:5782: result: yes
configure:5739: checking for stdlib.h
configure:5760: gcc -c -g -O2  conftest.c >&5
configure:5766: $? = 0
configure:5782: result: yes
configure:5739: checking for string.h
configure:5760: gcc -c -g -O2  conftest.c >&5
configure:5766: $? = 0
configure:5782: result: yes
configure:5739: checking for memory.h
configure:5760: gcc -c -g -O2  conftest.c >&5
configure:5766: $? = 0
configure:5782: result: yes
configure:5739: checking for strings.h
configure:5760: gcc -c -g -O2  conftest.c >&5
configure:5766: $? = 0
configure:5782: result: yes
configure:5739: checking for inttypes.h
configure:5760: gcc -c -g -O2  conftest.c >&5
configure:5766: $? = 0
configure:5782: result: yes
configure:5739: checking for stdint.h
configure:5760: gcc -c -g -O2  conftest.c >&5
configure:5766: $? = 0
configure:5782: result: yes
configure:5739: checking for unistd.h
configure:5760: gcc -c -g -O2  conftest.c >&5
configure:5766: $? = 0
configure:5782: result: yes
configure:5809: checking dlfcn.h usability
configure:5826: gcc -c -g -O2  conftest.c >&5
configure:5832: $? = 0
configure:5846: result: yes
configure:5850: checking dlfcn.h presence
configure:5865: gcc -E  conftest.c
configure:5871: $? = 0
configure:5885: result: yes
configure:5918: checking for dlfcn.h
configure:5926: result: yes
configure:5949: checking how to run the C++ preprocessor
configure:5985: g++ -E  conftest.cpp
configure:5991: $? = 0
configure:6022: g++ -E  conftest.cpp
conftest.cpp:22:28: fatal error: ac_nonexistent.h: No such file or directory
compilation terminated.
configure:6028: $? = 1
configure: failed program was:
| /* confdefs.h.  */
| #define PACKAGE_NAME "hadoop-utils"
| #define PACKAGE_TARNAME "hadoop-utils"
| #define PACKAGE_VERSION "0.13.0"
| #define PACKAGE_STRING "hadoop-utils 0.13.0"
| #define PACKAGE_BUGREPORT "omalley@apache.org"
| #define PACKAGE "hadoop-utils"
| #define VERSION "0.13.0"
| #define _GNU_SOURCE 1
| #define STDC_HEADERS 1
| #define HAVE_SYS_TYPES_H 1
| #define HAVE_SYS_STAT_H 1
| #define HAVE_STDLIB_H 1
| #define HAVE_STRING_H 1
| #define HAVE_MEMORY_H 1
| #define HAVE_STRINGS_H 1
| #define HAVE_INTTYPES_H 1
| #define HAVE_STDINT_H 1
| #define HAVE_UNISTD_H 1
| #define HAVE_DLFCN_H 1
| /* end confdefs.h.  */
| #include <ac_nonexistent.h>
configure:6061: result: g++ -E
configure:6090: g++ -E  conftest.cpp
configure:6096: $? = 0
configure:6127: g++ -E  conftest.cpp
conftest.cpp:22:28: fatal error: ac_nonexistent.h: No such file or directory
compilation terminated.
configure:6133: $? = 1
configure: failed program was:
| /* confdefs.h.  */
| #define PACKAGE_NAME "hadoop-utils"
| #define PACKAGE_TARNAME "hadoop-utils"
| #define PACKAGE_VERSION "0.13.0"
| #define PACKAGE_STRING "hadoop-utils 0.13.0"
| #define PACKAGE_BUGREPORT "omalley@apache.org"
| #define PACKAGE "hadoop-utils"
| #define VERSION "0.13.0"
| #define _GNU_SOURCE 1
| #define STDC_HEADERS 1
| #define HAVE_SYS_TYPES_H 1
| #define HAVE_SYS_STAT_H 1
| #define HAVE_STDLIB_H 1
| #define HAVE_STRING_H 1
| #define HAVE_MEMORY_H 1
| #define HAVE_STRINGS_H 1
| #define HAVE_INTTYPES_H 1
| #define HAVE_STDINT_H 1
| #define HAVE_UNISTD_H 1
| #define HAVE_DLFCN_H 1
| /* end confdefs.h.  */
| #include <ac_nonexistent.h>
configure:6226: checking for g77
configure:6256: result: no
configure:6226: checking for xlf
configure:6256: result: no
configure:6226: checking for f77
configure:6256: result: no
configure:6226: checking for frt
configure:6256: result: no
configure:6226: checking for pgf77
configure:6256: result: no
configure:6226: checking for cf77
configure:6256: result: no
configure:6226: checking for fort77
configure:6256: result: no
configure:6226: checking for fl32
configure:6256: result: no
configure:6226: checking for af77
configure:6256: result: no
configure:6226: checking for xlf90
configure:6256: result: no
configure:6226: checking for f90
configure:6256: result: no
configure:6226: checking for pgf90
configure:6256: result: no
configure:6226: checking for pghpf
configure:6256: result: no
configure:6226: checking for epcf90
configure:6256: result: no
configure:6226: checking for gfortran
configure:6256: result: no
configure:6226: checking for g95
configure:6256: result: no
configure:6226: checking for xlf95
configure:6256: result: no
configure:6226: checking for f95
configure:6256: result: no
configure:6226: checking for fort
configure:6256: result: no
configure:6226: checking for ifort
configure:6256: result: no
configure:6226: checking for ifc
configure:6256: result: no
configure:6226: checking for efc
configure:6256: result: no
configure:6226: checking for pgf95
configure:6256: result: no
configure:6226: checking for lf95
configure:6256: result: no
configure:6226: checking for ftn
configure:6256: result: no
configure:6283: checking for Fortran 77 compiler version
configure:6290:  --version >&5
./configure: line 6291: --version: command not found
configure:6293: $? = 127
configure:6300:  -v >&5
./configure: line 6301: -v: command not found
configure:6303: $? = 127
configure:6310:  -V >&5
./configure: line 6311: -V: command not found
configure:6313: $? = 127
configure:6321: checking whether we are using the GNU Fortran 77 compiler
configure:6340:  -c  conftest.F >&5
./configure: line 6341: -c: command not found
configure:6346: $? = 127
configure: failed program was:
|       program main
| #ifndef __GNUC__
|        choke me
| #endif
| 
|       end
configure:6363: result: no
configure:6369: checking whether  accepts -g
configure:6386:  -c -g conftest.f >&5
./configure: line 6387: -c: command not found
configure:6392: $? = 127
configure: failed program was:
|       program main
| 
|       end
configure:6408: result: no
configure:6438: checking the maximum length of command line arguments
configure:6547: result: 32768
configure:6558: checking command to parse /usr/bin/nm -B output from gcc object
configure:6663: gcc -c -g -O2  conftest.c >&5
configure:6666: $? = 0
configure:6670: /usr/bin/nm -B conftest.o \| sed -n -e 's/^.*[ 	]\([ABCDGIRSTW][ABCDGIRSTW]*\)[ 	][ 	]*\([_A-Za-z][_A-Za-z0-9]*\)$/\1 \2 \2/p' \> conftest.nm
configure:6673: $? = 0
configure:6725: gcc -o conftest -g -O2   conftest.c conftstm.o >&5
configure:6728: $? = 0
configure:6766: result: ok
configure:6770: checking for objdir
configure:6785: result: .libs
configure:6877: checking for ar
configure:6893: found /usr/bin/ar
configure:6904: result: ar
configure:6973: checking for ranlib
configure:6989: found /usr/bin/ranlib
configure:7000: result: ranlib
configure:7069: checking for strip
configure:7085: found /usr/bin/strip
configure:7096: result: strip
configure:7382: checking if gcc supports -fno-rtti -fno-exceptions
configure:7400: gcc -c -g -O2  -fno-rtti -fno-exceptions conftest.c >&5
cc1: warning: command line option '-fno-rtti' is valid for C++/ObjC++ but not for C [enabled by default]
configure:7404: $? = 0
configure:7417: result: no
configure:7432: checking for gcc option to produce PIC
configure:7642: result: -fPIC
configure:7650: checking if gcc PIC flag -fPIC works
configure:7668: gcc -c -g -O2  -fPIC -DPIC conftest.c >&5
configure:7672: $? = 0
configure:7685: result: yes
configure:7713: checking if gcc static flag -static works
configure:7741: result: yes
configure:7751: checking if gcc supports -c -o file.o
configure:7772: gcc -c -g -O2  -o out/conftest2.o conftest.c >&5
configure:7776: $? = 0
configure:7798: result: yes
configure:7824: checking whether the gcc linker (/usr/bin/ld -m elf_x86_64) supports shared libraries
configure:8778: result: yes
configure:8799: checking whether -lc should be explicitly linked in
configure:8804: gcc -c -g -O2  conftest.c >&5
configure:8807: $? = 0
configure:8822: gcc -shared conftest.o  -v -Wl,-soname -Wl,conftest -o conftest 2\>\&1 \| grep  -lc  \>/dev/null 2\>\&1
configure:8825: $? = 0
configure:8837: result: no
configure:8845: checking dynamic linker characteristics
configure:9238: gcc -c -g -O2  conftest.c >&5
configure:9241: $? = 0
configure:9454: result: GNU/Linux ld.so
configure:9463: checking how to hardcode library paths into programs
configure:9488: result: immediate
configure:9502: checking whether stripping libraries is possible
configure:9507: result: yes
configure:10308: checking if libtool supports shared libraries
configure:10310: result: yes
configure:10313: checking whether to build shared libraries
configure:10334: result: yes
configure:10337: checking whether to build static libraries
configure:10341: result: yes
configure:10433: creating libtool
configure:11024: checking for ld used by g++
configure:11091: result: /usr/bin/ld -m elf_x86_64
configure:11100: checking if the linker (/usr/bin/ld -m elf_x86_64) is GNU ld
configure:11115: result: yes
configure:11166: checking whether the g++ linker (/usr/bin/ld -m elf_x86_64) supports shared libraries
configure:12100: result: yes
configure:12118: g++ -c -g -O2  conftest.cpp >&5
configure:12121: $? = 0
configure:12240: checking for g++ option to produce PIC
configure:12514: result: -fPIC
configure:12522: checking if g++ PIC flag -fPIC works
configure:12540: g++ -c -g -O2  -fPIC -DPIC conftest.cpp >&5
configure:12544: $? = 0
configure:12557: result: yes
configure:12585: checking if g++ static flag -static works
configure:12613: result: yes
configure:12623: checking if g++ supports -c -o file.o
configure:12644: g++ -c -g -O2  -o out/conftest2.o conftest.cpp >&5
configure:12648: $? = 0
configure:12670: result: yes
configure:12696: checking whether the g++ linker (/usr/bin/ld -m elf_x86_64) supports shared libraries
configure:12721: result: yes
configure:12788: checking dynamic linker characteristics
configure:13181: g++ -c -g -O2  conftest.cpp >&5
configure:13184: $? = 0
configure:13397: result: GNU/Linux ld.so
configure:13406: checking how to hardcode library paths into programs
configure:13431: result: immediate
configure:19641: checking for unistd.h
configure:19647: result: yes
configure:19783: checking for stdbool.h that conforms to C99
configure:19876: g++ -c -g -O2  conftest.cpp >&5
configure:19882: $? = 0
configure:19897: result: yes
configure:19899: checking for _Bool
configure:19929: g++ -c -g -O2  conftest.cpp >&5
conftest.cpp:56:9: error: '_Bool' does not name a type
conftest.cpp: In function 'int main()':
conftest.cpp:60:6: error: 'ac__type_new_' was not declared in this scope
conftest.cpp:60:21: error: expected primary-expression before ')' token
conftest.cpp:60:23: error: expected ')' before numeric constant
conftest.cpp:62:13: error: 'ac__type_new_' was not declared in this scope
configure:19935: $? = 1
configure: failed program was:
| /* confdefs.h.  */
| #define PACKAGE_NAME "hadoop-utils"
| #define PACKAGE_TARNAME "hadoop-utils"
| #define PACKAGE_VERSION "0.13.0"
| #define PACKAGE_STRING "hadoop-utils 0.13.0"
| #define PACKAGE_BUGREPORT "omalley@apache.org"
| #define PACKAGE "hadoop-utils"
| #define VERSION "0.13.0"
| #define _GNU_SOURCE 1
| #define STDC_HEADERS 1
| #define HAVE_SYS_TYPES_H 1
| #define HAVE_SYS_STAT_H 1
| #define HAVE_STDLIB_H 1
| #define HAVE_STRING_H 1
| #define HAVE_MEMORY_H 1
| #define HAVE_STRINGS_H 1
| #define HAVE_INTTYPES_H 1
| #define HAVE_STDINT_H 1
| #define HAVE_UNISTD_H 1
| #define HAVE_DLFCN_H 1
| #define HAVE_UNISTD_H 1
| /* end confdefs.h.  */
| #include <stdio.h>
| #ifdef HAVE_SYS_TYPES_H
| # include <sys/types.h>
| #endif
| #ifdef HAVE_SYS_STAT_H
| # include <sys/stat.h>
| #endif
| #ifdef STDC_HEADERS
| # include <stdlib.h>
| # include <stddef.h>
| #else
| # ifdef HAVE_STDLIB_H
| #  include <stdlib.h>
| # endif
| #endif
| #ifdef HAVE_STRING_H
| # if !defined STDC_HEADERS && defined HAVE_MEMORY_H
| #  include <memory.h>
| # endif
| # include <string.h>
| #endif
| #ifdef HAVE_STRINGS_H
| # include <strings.h>
| #endif
| #ifdef HAVE_INTTYPES_H
| # include <inttypes.h>
| #endif
| #ifdef HAVE_STDINT_H
| # include <stdint.h>
| #endif
| #ifdef HAVE_UNISTD_H
| # include <unistd.h>
| #endif
| typedef _Bool ac__type_new_;
| int
| main ()
| {
| if ((ac__type_new_ *) 0)
|   return 0;
| if (sizeof (ac__type_new_))
|   return 0;
|   ;
|   return 0;
| }
configure:19950: result: no
configure:19969: checking for an ANSI C-conforming const
configure:20044: g++ -c -g -O2  conftest.cpp >&5
configure:20050: $? = 0
configure:20065: result: yes
configure:20075: checking for off_t
configure:20105: g++ -c -g -O2  conftest.cpp >&5
configure:20111: $? = 0
configure:20126: result: yes
configure:20138: checking for size_t
configure:20168: g++ -c -g -O2  conftest.cpp >&5
configure:20174: $? = 0
configure:20189: result: yes
configure:20201: checking whether strerror_r is declared
configure:20230: g++ -c -g -O2  conftest.cpp >&5
configure:20236: $? = 0
configure:20251: result: yes
configure:20273: checking for strerror_r
configure:20329: g++ -o conftest -g -O2   conftest.cpp  >&5
configure:20335: $? = 0
configure:20353: result: yes
configure:20363: checking whether strerror_r returns char *
configure:20397: g++ -c -g -O2  conftest.cpp >&5
configure:20403: $? = 0
configure:20479: result: yes
configure:20496: checking for mkdir
configure:20552: g++ -o conftest -g -O2   conftest.cpp  >&5
configure:20558: $? = 0
configure:20576: result: yes
configure:20496: checking for uname
configure:20552: g++ -o conftest -g -O2   conftest.cpp  >&5
configure:20558: $? = 0
configure:20576: result: yes
configure:20707: creating ./config.status

## ---------------------- ##
## Running config.status. ##
## ---------------------- ##

This file was extended by hadoop-utils config.status 0.13.0, which was
generated by GNU Autoconf 2.61.  Invocation command line was

  CONFIG_FILES    = 
  CONFIG_HEADERS  = 
  CONFIG_LINKS    = 
  CONFIG_COMMANDS = 
  $ ./config.status 

on smc

config.status:660: creating Makefile
config.status:660: creating impl/config.h
config.status:935: executing depfiles commands

## ---------------- ##
## Cache variables. ##
## ---------------- ##

ac_cv_build=x86_64-unknown-linux-gnu
ac_cv_c_compiler_gnu=yes
ac_cv_c_const=yes
ac_cv_cxx_compiler_gnu=yes
ac_cv_env_CCC_set=
ac_cv_env_CCC_value=
ac_cv_env_CC_set=
ac_cv_env_CC_value=
ac_cv_env_CFLAGS_set=
ac_cv_env_CFLAGS_value=
ac_cv_env_CPPFLAGS_set=
ac_cv_env_CPPFLAGS_value=
ac_cv_env_CPP_set=
ac_cv_env_CPP_value=
ac_cv_env_CXXCPP_set=
ac_cv_env_CXXCPP_value=
ac_cv_env_CXXFLAGS_set=
ac_cv_env_CXXFLAGS_value=
ac_cv_env_CXX_set=
ac_cv_env_CXX_value=
ac_cv_env_F77_set=
ac_cv_env_F77_value=
ac_cv_env_FFLAGS_set=
ac_cv_env_FFLAGS_value=
ac_cv_env_LDFLAGS_set=
ac_cv_env_LDFLAGS_value=
ac_cv_env_LIBS_set=
ac_cv_env_LIBS_value=
ac_cv_env_build_alias_set=
ac_cv_env_build_alias_value=
ac_cv_env_host_alias_set=
ac_cv_env_host_alias_value=
ac_cv_env_target_alias_set=
ac_cv_env_target_alias_value=
ac_cv_f77_compiler_gnu=no
ac_cv_func_mkdir=yes
ac_cv_func_strerror_r=yes
ac_cv_func_strerror_r_char_p=yes
ac_cv_func_uname=yes
ac_cv_have_decl_strerror_r=yes
ac_cv_header_dlfcn_h=yes
ac_cv_header_inttypes_h=yes
ac_cv_header_memory_h=yes
ac_cv_header_stdbool_h=yes
ac_cv_header_stdc=yes
ac_cv_header_stdint_h=yes
ac_cv_header_stdlib_h=yes
ac_cv_header_string_h=yes
ac_cv_header_strings_h=yes
ac_cv_header_sys_stat_h=yes
ac_cv_header_sys_types_h=yes
ac_cv_header_unistd_h=yes
ac_cv_host=x86_64-unknown-linux-gnu
ac_cv_objext=o
ac_cv_path_EGREP='/bin/grep -E'
ac_cv_path_GREP=/bin/grep
ac_cv_path_install='/usr/bin/install -c'
ac_cv_prog_AWK=mawk
ac_cv_prog_CPP='gcc -E'
ac_cv_prog_CXXCPP='g++ -E'
ac_cv_prog_ac_ct_AR=ar
ac_cv_prog_ac_ct_CC=gcc
ac_cv_prog_ac_ct_CXX=g++
ac_cv_prog_ac_ct_RANLIB=ranlib
ac_cv_prog_ac_ct_STRIP=strip
ac_cv_prog_cc_c89=
ac_cv_prog_cc_g=yes
ac_cv_prog_cxx_g=yes
ac_cv_prog_f77_g=no
ac_cv_prog_make_make_set=yes
ac_cv_sys_file_offset_bits=no
ac_cv_sys_largefile_CC=no
ac_cv_type__Bool=no
ac_cv_type_off_t=yes
ac_cv_type_size_t=yes
am_cv_CC_dependencies_compiler_type=gcc3
am_cv_CXX_dependencies_compiler_type=gcc3
lt_cv_deplibs_check_method=pass_all
lt_cv_file_magic_cmd='$MAGIC_CMD'
lt_cv_file_magic_test_file=
lt_cv_ld_reload_flag=-r
lt_cv_objdir=.libs
lt_cv_path_LD=/usr/bin/ld
lt_cv_path_LDCXX='/usr/bin/ld -m elf_x86_64'
lt_cv_path_NM='/usr/bin/nm -B'
lt_cv_path_SED=/bin/sed
lt_cv_prog_compiler_c_o=yes
lt_cv_prog_compiler_c_o_CXX=yes
lt_cv_prog_compiler_rtti_exceptions=no
lt_cv_prog_gnu_ld=yes
lt_cv_prog_gnu_ldcxx=yes
lt_cv_sys_global_symbol_pipe='sed -n -e '\''s/^.*[ 	]\([ABCDGIRSTW][ABCDGIRSTW]*\)[ 	][ 	]*\([_A-Za-z][_A-Za-z0-9]*\)$/\1 \2 \2/p'\'''
lt_cv_sys_global_symbol_to_c_name_address='sed -n -e '\''s/^: \([^ ]*\) $/  {\"\1\", (lt_ptr) 0},/p'\'' -e '\''s/^[BCDEGRST] \([^ ]*\) \([^ ]*\)$/  {"\2", (lt_ptr) \&\2},/p'\'''
lt_cv_sys_global_symbol_to_cdecl='sed -n -e '\''s/^. .* \(.*\)$/extern int \1;/p'\'''
lt_cv_sys_max_cmd_len=32768
lt_lt_cv_prog_compiler_c_o='"yes"'
lt_lt_cv_prog_compiler_c_o_CXX='"yes"'
lt_lt_cv_sys_global_symbol_pipe='"sed -n -e '\''s/^.*[ 	]\\([ABCDGIRSTW][ABCDGIRSTW]*\\)[ 	][ 	]*\\([_A-Za-z][_A-Za-z0-9]*\\)\$/\\1 \\2 \\2/p'\''"'
lt_lt_cv_sys_global_symbol_to_c_name_address='"sed -n -e '\''s/^: \\([^ ]*\\) \$/  {\\\"\\1\\\", (lt_ptr) 0},/p'\'' -e '\''s/^[BCDEGRST] \\([^ ]*\\) \\([^ ]*\\)\$/  {\"\\2\", (lt_ptr) \\&\\2},/p'\''"'
lt_lt_cv_sys_global_symbol_to_cdecl='"sed -n -e '\''s/^. .* \\(.*\\)\$/extern int \\1;/p'\''"'

## ----------------- ##
## Output variables. ##
## ----------------- ##

ACLOCAL='${SHELL} /home/hduser/hadoop-1.2.1-arm-gpu/src/c++/utils/missing --run aclocal-1.9'
AMDEPBACKSLASH='\'
AMDEP_FALSE='#'
AMDEP_TRUE=''
AMTAR='${SHELL} /home/hduser/hadoop-1.2.1-arm-gpu/src/c++/utils/missing --run tar'
AR='ar'
AUTOCONF='${SHELL} /home/hduser/hadoop-1.2.1-arm-gpu/src/c++/utils/missing --run autoconf'
AUTOHEADER='${SHELL} /home/hduser/hadoop-1.2.1-arm-gpu/src/c++/utils/missing --run autoheader'
AUTOMAKE='${SHELL} /home/hduser/hadoop-1.2.1-arm-gpu/src/c++/utils/missing --run automake-1.9'
AWK='mawk'
CC='gcc'
CCDEPMODE='depmode=gcc3'
CFLAGS='-g -O2'
CPP='gcc -E'
CPPFLAGS=''
CXX='g++'
CXXCPP='g++ -E'
CXXDEPMODE='depmode=gcc3'
CXXFLAGS='-g -O2'
CYGPATH_W='echo'
DEFS='-DHAVE_CONFIG_H'
DEPDIR='.deps'
ECHO='echo'
ECHO_C=''
ECHO_N='-n'
ECHO_T=''
EGREP='/bin/grep -E'
EXEEXT=''
F77=''
FFLAGS=''
GREP='/bin/grep'
INSTALL_DATA='${INSTALL} -m 644 -C'
INSTALL_PROGRAM='${INSTALL}'
INSTALL_SCRIPT='${INSTALL}'
INSTALL_STRIP_PROGRAM='${SHELL} $(install_sh) -c -s'
LDFLAGS=''
LIBOBJS=''
LIBS=''
LIBTOOL='$(SHELL) $(top_builddir)/libtool'
LN_S='ln -s'
LTLIBOBJS=''
MAKEINFO='${SHELL} /home/hduser/hadoop-1.2.1-arm-gpu/src/c++/utils/missing --run makeinfo'
OBJEXT='o'
PACKAGE='hadoop-utils'
PACKAGE_BUGREPORT='omalley@apache.org'
PACKAGE_NAME='hadoop-utils'
PACKAGE_STRING='hadoop-utils 0.13.0'
PACKAGE_TARNAME='hadoop-utils'
PACKAGE_VERSION='0.13.0'
PATH_SEPARATOR=':'
RANLIB='ranlib'
SED='/bin/sed'
SET_MAKE=''
SHELL='/bin/bash'
STRIP='strip'
VERSION='0.13.0'
ac_ct_CC='gcc'
ac_ct_CXX='g++'
ac_ct_F77=''
am__fastdepCC_FALSE='#'
am__fastdepCC_TRUE=''
am__fastdepCXX_FALSE='#'
am__fastdepCXX_TRUE=''
am__include='include'
am__leading_dot='.'
am__quote=''
am__tar='${AMTAR} chof - "$$tardir"'
am__untar='${AMTAR} xf -'
bindir='${exec_prefix}/bin'
build='x86_64-unknown-linux-gnu'
build_alias=''
build_cpu='x86_64'
build_os='linux-gnu'
build_vendor='unknown'
datadir='${datarootdir}'
datarootdir='${prefix}/share'
docdir='${datarootdir}/doc/${PACKAGE_TARNAME}'
dvidir='${docdir}'
exec_prefix='${prefix}'
host='x86_64-unknown-linux-gnu'
host_alias=''
host_cpu='x86_64'
host_os='linux-gnu'
host_vendor='unknown'
htmldir='${docdir}'
includedir='${prefix}/include'
infodir='${datarootdir}/info'
install_sh='/home/hduser/hadoop-1.2.1-arm-gpu/src/c++/utils/install-sh'
libdir='${exec_prefix}/lib'
libexecdir='${exec_prefix}/libexec'
localedir='${datarootdir}/locale'
localstatedir='${prefix}/var'
mandir='${datarootdir}/man'
mkdir_p='mkdir -p --'
oldincludedir='/usr/include'
pdfdir='${docdir}'
prefix='/home/hduser/hadoop-1.2.1-arm-gpu/c++/Linux-amd64-64'
program_transform_name='s,x,x,'
psdir='${docdir}'
sbindir='${exec_prefix}/sbin'
sharedstatedir='${prefix}/com'
sysconfdir='${prefix}/etc'
target_alias=''

## ----------- ##
## confdefs.h. ##
## ----------- ##

#define PACKAGE_NAME "hadoop-utils"
#define PACKAGE_TARNAME "hadoop-utils"
#define PACKAGE_VERSION "0.13.0"
#define PACKAGE_STRING "hadoop-utils 0.13.0"
#define PACKAGE_BUGREPORT "omalley@apache.org"
#define PACKAGE "hadoop-utils"
#define VERSION "0.13.0"
#define _GNU_SOURCE 1
#define STDC_HEADERS 1
#define HAVE_SYS_TYPES_H 1
#define HAVE_SYS_STAT_H 1
#define HAVE_STDLIB_H 1
#define HAVE_STRING_H 1
#define HAVE_MEMORY_H 1
#define HAVE_STRINGS_H 1
#define HAVE_INTTYPES_H 1
#define HAVE_STDINT_H 1
#define HAVE_UNISTD_H 1
#define HAVE_DLFCN_H 1
#define HAVE_UNISTD_H 1
#define HAVE_STDBOOL_H 1
#define HAVE_DECL_STRERROR_R 1
#define HAVE_STRERROR_R 1
#define STRERROR_R_CHAR_P 1
#define HAVE_MKDIR 1
#define HAVE_UNAME 1

configure: exit 0
